2025-12-14 20:42:06,401 | INFO | ======================================================================
2025-12-14 20:42:06,403 | INFO | 🚀 COPY TRADING BOT PRO - FINAL RELEASE
2025-12-14 20:42:06,403 | INFO | ✨ Анализ + Перplexity + Баланс + Сигналы
2025-12-14 20:42:06,403 | INFO | ======================================================================
2025-12-14 20:42:06,651 | INFO | ✅ Бот запущен!
2025-12-14 20:42:06,651 | INFO | 📱 /start в Telegram для начала
2025-12-14 20:42:06,651 | INFO | 💾 Данные сохраняются в user_configs.json
2025-12-14 20:42:06,834 | INFO | HTTP Request: POST https://api.telegram.org/bot8324268104:AAF2qgTgqBNHZWdlE8P72UtZUKfQeBpPsXc/getMe "HTTP/1.1 200 OK"
2025-12-14 20:42:06,890 | INFO | HTTP Request: POST https://api.telegram.org/bot8324268104:AAF2qgTgqBNHZWdlE8P72UtZUKfQeBpPsXc/deleteWebhook "HTTP/1.1 200 OK"
2025-12-14 20:42:06,894 | INFO | Application started
2025-12-14 20:42:09,534 | INFO | HTTP Request: POST https://api.telegram.org/bot8324268104:AAF2qgTgqBNHZWdlE8P72UtZUKfQeBpPsXc/getUpdates "HTTP/1.1 200 OK"
2025-12-14 20:42:09,758 | INFO | HTTP Request: POST https://api.telegram.org/bot8324268104:AAF2qgTgqBNHZWdlE8P72UtZUKfQeBpPsXc/sendMessage "HTTP/1.1 200 OK"
2025-12-14 20:42:12,420 | INFO | HTTP Request: POST https://api.telegram.org/bot8324268104:AAF2qgTgqBNHZWdlE8P72UtZUKfQeBpPsXc/getUpdates "HTTP/1.1 200 OK"
2025-12-14 20:42:12,518 | INFO | HTTP Request: POST https://api.telegram.org/bot8324268104:AAF2qgTgqBNHZWdlE8P72UtZUKfQeBpPsXc/answerCallbackQuery "HTTP/1.1 200 OK"
2025-12-14 20:42:12,606 | INFO | HTTP Request: POST https://api.telegram.org/bot8324268104:AAF2qgTgqBNHZWdlE8P72UtZUKfQeBpPsXc/editMessageText "HTTP/1.1 200 OK"
2025-12-14 20:42:15,580 | ERROR | Balance fetch error: okx {"msg":"APIKey does not match current environment.","code":"50101"}
2025-12-14 20:42:15,665 | INFO | HTTP Request: POST https://api.telegram.org/bot8324268104:AAF2qgTgqBNHZWdlE8P72UtZUKfQeBpPsXc/editMessageText "HTTP/1.1 200 OK"
2025-12-14 20:42:19,140 | INFO | HTTP Request: POST https://api.telegram.org/bot8324268104:AAF2qgTgqBNHZWdlE8P72UtZUKfQeBpPsXc/getUpdates "HTTP/1.1 200 OK"
2025-12-14 20:42:19,312 | INFO | HTTP Request: POST https://api.telegram.org/bot8324268104:AAF2qgTgqBNHZWdlE8P72UtZUKfQeBpPsXc/answerCallbackQuery "HTTP/1.1 200 OK"
2025-12-14 20:42:19,471 | INFO | HTTP Request: POST https://api.telegram.org/bot8324268104:AAF2qgTgqBNHZWdlE8P72UtZUKfQeBpPsXc/editMessageText "HTTP/1.1 200 OK"
2025-12-14 20:42:20,542 | INFO | HTTP Request: POST https://api.telegram.org/bot8324268104:AAF2qgTgqBNHZWdlE8P72UtZUKfQeBpPsXc/getUpdates "HTTP/1.1 200 OK"
2025-12-14 20:42:20,667 | INFO | HTTP Request: POST https://api.telegram.org/bot8324268104:AAF2qgTgqBNHZWdlE8P72UtZUKfQeBpPsXc/answerCallbackQuery "HTTP/1.1 200 OK"
2025-12-14 20:42:20,791 | INFO | HTTP Request: POST https://api.telegram.org/bot8324268104:AAF2qgTgqBNHZWdlE8P72UtZUKfQeBpPsXc/editMessageText "HTTP/1.1 200 OK"
2025-12-14 20:42:22,876 | ERROR | Balance fetch error: okx {"msg":"APIKey does not match current environment.","code":"50101"}
2025-12-14 20:42:22,966 | INFO | HTTP Request: POST https://api.telegram.org/bot8324268104:AAF2qgTgqBNHZWdlE8P72UtZUKfQeBpPsXc/editMessageText "HTTP/1.1 200 OK"
2025-12-14 20:42:23,988 | INFO | HTTP Request: POST https://api.telegram.org/bot8324268104:AAF2qgTgqBNHZWdlE8P72UtZUKfQeBpPsXc/getUpdates "HTTP/1.1 200 OK"
2025-12-14 20:42:24,068 | INFO | HTTP Request: POST https://api.telegram.org/bot8324268104:AAF2qgTgqBNHZWdlE8P72UtZUKfQeBpPsXc/answerCallbackQuery "HTTP/1.1 200 OK"
2025-12-14 20:42:24,164 | INFO | HTTP Request: POST https://api.telegram.org/bot8324268104:AAF2qgTgqBNHZWdlE8P72UtZUKfQeBpPsXc/editMessageText "HTTP/1.1 200 OK"
2025-12-14 20:42:26,359 | ERROR | Balance fetch error: okx {"msg":"APIKey does not match current environment.","code":"50101"}
2025-12-14 20:42:26,478 | INFO | HTTP Request: POST https://api.telegram.org/bot8324268104:AAF2qgTgqBNHZWdlE8P72UtZUKfQeBpPsXc/editMessageText "HTTP/1.1 200 OK"
2025-12-14 20:42:27,771 | INFO | HTTP Request: POST https://api.telegram.org/bot8324268104:AAF2qgTgqBNHZWdlE8P72UtZUKfQeBpPsXc/getUpdates "HTTP/1.1 200 OK"
2025-12-14 20:42:27,850 | INFO | HTTP Request: POST https://api.telegram.org/bot8324268104:AAF2qgTgqBNHZWdlE8P72UtZUKfQeBpPsXc/answerCallbackQuery "HTTP/1.1 200 OK"
2025-12-14 20:42:27,931 | INFO | HTTP Request: POST https://api.telegram.org/bot8324268104:AAF2qgTgqBNHZWdlE8P72UtZUKfQeBpPsXc/answerCallbackQuery "HTTP/1.1 200 OK"
2025-12-14 20:42:28,056 | INFO | HTTP Request: POST https://api.telegram.org/bot8324268104:AAF2qgTgqBNHZWdlE8P72UtZUKfQeBpPsXc/editMessageText "HTTP/1.1 200 OK"
2025-12-14 20:42:29,765 | INFO | HTTP Request: POST https://api.telegram.org/bot8324268104:AAF2qgTgqBNHZWdlE8P72UtZUKfQeBpPsXc/getUpdates "HTTP/1.1 200 OK"
2025-12-14 20:42:29,831 | INFO | HTTP Request: POST https://api.telegram.org/bot8324268104:AAF2qgTgqBNHZWdlE8P72UtZUKfQeBpPsXc/answerCallbackQuery "HTTP/1.1 200 OK"
2025-12-14 20:42:29,902 | INFO | HTTP Request: POST https://api.telegram.org/bot8324268104:AAF2qgTgqBNHZWdlE8P72UtZUKfQeBpPsXc/editMessageText "HTTP/1.1 200 OK"
2025-12-14 20:42:34,125 | INFO | HTTP Request: POST https://api.telegram.org/bot8324268104:AAF2qgTgqBNHZWdlE8P72UtZUKfQeBpPsXc/getUpdates "HTTP/1.1 200 OK"
2025-12-14 20:42:34,189 | INFO | HTTP Request: POST https://api.telegram.org/bot8324268104:AAF2qgTgqBNHZWdlE8P72UtZUKfQeBpPsXc/answerCallbackQuery "HTTP/1.1 200 OK"
2025-12-14 20:42:34,362 | INFO | HTTP Request: POST https://api.telegram.org/bot8324268104:AAF2qgTgqBNHZWdlE8P72UtZUKfQeBpPsXc/answerCallbackQuery "HTTP/1.1 200 OK"
2025-12-14 20:42:34,544 | INFO | HTTP Request: POST https://api.telegram.org/bot8324268104:AAF2qgTgqBNHZWdlE8P72UtZUKfQeBpPsXc/editMessageText "HTTP/1.1 200 OK"
2025-12-14 20:42:35,615 | INFO | HTTP Request: POST https://api.telegram.org/bot8324268104:AAF2qgTgqBNHZWdlE8P72UtZUKfQeBpPsXc/getUpdates "HTTP/1.1 200 OK"
2025-12-14 20:42:35,736 | INFO | HTTP Request: POST https://api.telegram.org/bot8324268104:AAF2qgTgqBNHZWdlE8P72UtZUKfQeBpPsXc/answerCallbackQuery "HTTP/1.1 200 OK"
2025-12-14 20:42:35,829 | INFO | HTTP Request: POST https://api.telegram.org/bot8324268104:AAF2qgTgqBNHZWdlE8P72UtZUKfQeBpPsXc/editMessageText "HTTP/1.1 200 OK"
2025-12-14 20:42:37,090 | INFO | HTTP Request: POST https://api.telegram.org/bot8324268104:AAF2qgTgqBNHZWdlE8P72UtZUKfQeBpPsXc/getUpdates "HTTP/1.1 200 OK"
2025-12-14 20:42:37,160 | INFO | HTTP Request: POST https://api.telegram.org/bot8324268104:AAF2qgTgqBNHZWdlE8P72UtZUKfQeBpPsXc/answerCallbackQuery "HTTP/1.1 200 OK"
2025-12-14 20:42:37,235 | INFO | HTTP Request: POST https://api.telegram.org/bot8324268104:AAF2qgTgqBNHZWdlE8P72UtZUKfQeBpPsXc/editMessageText "HTTP/1.1 200 OK"
2025-12-14 20:42:37,582 | INFO | HTTP Request: POST https://api.perplexity.ai/chat/completions "HTTP/1.1 400 Bad Request"
2025-12-14 20:42:37,584 | ERROR | Perplexity error: 400
2025-12-14 20:42:37,765 | INFO | HTTP Request: POST https://api.telegram.org/bot8324268104:AAF2qgTgqBNHZWdlE8P72UtZUKfQeBpPsXc/editMessageText "HTTP/1.1 200 OK"
2025-12-14 20:42:39,538 | INFO | HTTP Request: POST https://api.telegram.org/bot8324268104:AAF2qgTgqBNHZWdlE8P72UtZUKfQeBpPsXc/getUpdates "HTTP/1.1 200 OK"
2025-12-14 20:42:39,614 | INFO | HTTP Request: POST https://api.telegram.org/bot8324268104:AAF2qgTgqBNHZWdlE8P72UtZUKfQeBpPsXc/answerCallbackQuery "HTTP/1.1 200 OK"
2025-12-14 20:42:39,690 | INFO | HTTP Request: POST https://api.telegram.org/bot8324268104:AAF2qgTgqBNHZWdlE8P72UtZUKfQeBpPsXc/editMessageText "HTTP/1.1 200 OK"
2025-12-14 20:42:40,494 | INFO | HTTP Request: POST https://api.telegram.org/bot8324268104:AAF2qgTgqBNHZWdlE8P72UtZUKfQeBpPsXc/getUpdates "HTTP/1.1 200 OK"
2025-12-14 20:42:40,559 | INFO | HTTP Request: POST https://api.telegram.org/bot8324268104:AAF2qgTgqBNHZWdlE8P72UtZUKfQeBpPsXc/answerCallbackQuery "HTTP/1.1 200 OK"
2025-12-14 20:42:40,632 | INFO | HTTP Request: POST https://api.telegram.org/bot8324268104:AAF2qgTgqBNHZWdlE8P72UtZUKfQeBpPsXc/editMessageText "HTTP/1.1 200 OK"
2025-12-14 20:42:40,898 | INFO | HTTP Request: POST https://api.perplexity.ai/chat/completions "HTTP/1.1 400 Bad Request"
2025-12-14 20:42:40,900 | ERROR | Perplexity error: 400
2025-12-14 20:42:40,991 | INFO | HTTP Request: POST https://api.telegram.org/bot8324268104:AAF2qgTgqBNHZWdlE8P72UtZUKfQeBpPsXc/editMessageText "HTTP/1.1 200 OK"
2025-12-14 20:42:41,695 | INFO | HTTP Request: POST https://api.telegram.org/bot8324268104:AAF2qgTgqBNHZWdlE8P72UtZUKfQeBpPsXc/getUpdates "HTTP/1.1 200 OK"
2025-12-14 20:42:41,765 | INFO | HTTP Request: POST https://api.telegram.org/bot8324268104:AAF2qgTgqBNHZWdlE8P72UtZUKfQeBpPsXc/answerCallbackQuery "HTTP/1.1 200 OK"
2025-12-14 20:42:41,829 | INFO | HTTP Request: POST https://api.telegram.org/bot8324268104:AAF2qgTgqBNHZWdlE8P72UtZUKfQeBpPsXc/answerCallbackQuery "HTTP/1.1 200 OK"
2025-12-14 20:42:41,903 | INFO | HTTP Request: POST https://api.telegram.org/bot8324268104:AAF2qgTgqBNHZWdlE8P72UtZUKfQeBpPsXc/editMessageText "HTTP/1.1 200 OK"
2025-12-14 20:42:42,834 | INFO | HTTP Request: POST https://api.telegram.org/bot8324268104:AAF2qgTgqBNHZWdlE8P72UtZUKfQeBpPsXc/getUpdates "HTTP/1.1 200 OK"
2025-12-14 20:42:42,927 | INFO | HTTP Request: POST https://api.telegram.org/bot8324268104:AAF2qgTgqBNHZWdlE8P72UtZUKfQeBpPsXc/answerCallbackQuery "HTTP/1.1 200 OK"
2025-12-14 20:42:43,029 | INFO | HTTP Request: POST https://api.telegram.org/bot8324268104:AAF2qgTgqBNHZWdlE8P72UtZUKfQeBpPsXc/editMessageText "HTTP/1.1 200 OK"
2025-12-14 20:42:44,018 | INFO | HTTP Request: POST https://api.telegram.org/bot8324268104:AAF2qgTgqBNHZWdlE8P72UtZUKfQeBpPsXc/getUpdates "HTTP/1.1 200 OK"
2025-12-14 20:42:44,160 | INFO | HTTP Request: POST https://api.telegram.org/bot8324268104:AAF2qgTgqBNHZWdlE8P72UtZUKfQeBpPsXc/answerCallbackQuery "HTTP/1.1 200 OK"
2025-12-14 20:42:44,286 | INFO | HTTP Request: POST https://api.telegram.org/bot8324268104:AAF2qgTgqBNHZWdlE8P72UtZUKfQeBpPsXc/answerCallbackQuery "HTTP/1.1 200 OK"
2025-12-14 20:42:44,409 | INFO | HTTP Request: POST https://api.telegram.org/bot8324268104:AAF2qgTgqBNHZWdlE8P72UtZUKfQeBpPsXc/editMessageText "HTTP/1.1 200 OK"
2025-12-14 20:42:44,975 | INFO | HTTP Request: POST https://api.telegram.org/bot8324268104:AAF2qgTgqBNHZWdlE8P72UtZUKfQeBpPsXc/getUpdates "HTTP/1.1 200 OK"
2025-12-14 20:42:45,180 | INFO | HTTP Request: POST https://api.telegram.org/bot8324268104:AAF2qgTgqBNHZWdlE8P72UtZUKfQeBpPsXc/answerCallbackQuery "HTTP/1.1 200 OK"
2025-12-14 20:42:45,369 | INFO | HTTP Request: POST https://api.telegram.org/bot8324268104:AAF2qgTgqBNHZWdlE8P72UtZUKfQeBpPsXc/answerCallbackQuery "HTTP/1.1 200 OK"
2025-12-14 20:42:45,438 | INFO | HTTP Request: POST https://api.telegram.org/bot8324268104:AAF2qgTgqBNHZWdlE8P72UtZUKfQeBpPsXc/getUpdates "HTTP/1.1 200 OK"
2025-12-14 20:42:45,515 | INFO | HTTP Request: POST https://api.telegram.org/bot8324268104:AAF2qgTgqBNHZWdlE8P72UtZUKfQeBpPsXc/editMessageText "HTTP/1.1 200 OK"
2025-12-14 20:42:45,629 | INFO | HTTP Request: POST https://api.telegram.org/bot8324268104:AAF2qgTgqBNHZWdlE8P72UtZUKfQeBpPsXc/answerCallbackQuery "HTTP/1.1 200 OK"
2025-12-14 20:42:45,713 | INFO | HTTP Request: POST https://api.telegram.org/bot8324268104:AAF2qgTgqBNHZWdlE8P72UtZUKfQeBpPsXc/answerCallbackQuery "HTTP/1.1 200 OK"
2025-12-14 20:42:45,837 | INFO | HTTP Request: POST https://api.telegram.org/bot8324268104:AAF2qgTgqBNHZWdlE8P72UtZUKfQeBpPsXc/editMessageText "HTTP/1.1 200 OK"
2025-12-14 20:42:46,363 | INFO | HTTP Request: POST https://api.telegram.org/bot8324268104:AAF2qgTgqBNHZWdlE8P72UtZUKfQeBpPsXc/getUpdates "HTTP/1.1 200 OK"
2025-12-14 20:42:46,474 | INFO | HTTP Request: POST https://api.telegram.org/bot8324268104:AAF2qgTgqBNHZWdlE8P72UtZUKfQeBpPsXc/answerCallbackQuery "HTTP/1.1 200 OK"
2025-12-14 20:42:46,569 | INFO | HTTP Request: POST https://api.telegram.org/bot8324268104:AAF2qgTgqBNHZWdlE8P72UtZUKfQeBpPsXc/answerCallbackQuery "HTTP/1.1 200 OK"
2025-12-14 20:42:46,697 | INFO | HTTP Request: POST https://api.telegram.org/bot8324268104:AAF2qgTgqBNHZWdlE8P72UtZUKfQeBpPsXc/editMessageText "HTTP/1.1 200 OK"
2025-12-14 20:42:47,148 | INFO | HTTP Request: POST https://api.telegram.org/bot8324268104:AAF2qgTgqBNHZWdlE8P72UtZUKfQeBpPsXc/getUpdates "HTTP/1.1 200 OK"
2025-12-14 20:42:47,208 | INFO | HTTP Request: POST https://api.telegram.org/bot8324268104:AAF2qgTgqBNHZWdlE8P72UtZUKfQeBpPsXc/answerCallbackQuery "HTTP/1.1 200 OK"
2025-12-14 20:42:47,270 | INFO | HTTP Request: POST https://api.telegram.org/bot8324268104:AAF2qgTgqBNHZWdlE8P72UtZUKfQeBpPsXc/answerCallbackQuery "HTTP/1.1 200 OK"
2025-12-14 20:42:47,373 | INFO | HTTP Request: POST https://api.telegram.org/bot8324268104:AAF2qgTgqBNHZWdlE8P72UtZUKfQeBpPsXc/editMessageText "HTTP/1.1 200 OK"
2025-12-14 20:42:47,655 | INFO | HTTP Request: POST https://api.telegram.org/bot8324268104:AAF2qgTgqBNHZWdlE8P72UtZUKfQeBpPsXc/getUpdates "HTTP/1.1 200 OK"
2025-12-14 20:42:47,731 | INFO | HTTP Request: POST https://api.telegram.org/bot8324268104:AAF2qgTgqBNHZWdlE8P72UtZUKfQeBpPsXc/answerCallbackQuery "HTTP/1.1 200 OK"
2025-12-14 20:42:47,796 | INFO | HTTP Request: POST https://api.telegram.org/bot8324268104:AAF2qgTgqBNHZWdlE8P72UtZUKfQeBpPsXc/answerCallbackQuery "HTTP/1.1 200 OK"
2025-12-14 20:42:47,876 | INFO | HTTP Request: POST https://api.telegram.org/bot8324268104:AAF2qgTgqBNHZWdlE8P72UtZUKfQeBpPsXc/editMessageText "HTTP/1.1 200 OK"
2025-12-14 20:42:52,329 | INFO | HTTP Request: POST https://api.telegram.org/bot8324268104:AAF2qgTgqBNHZWdlE8P72UtZUKfQeBpPsXc/getUpdates "HTTP/1.1 200 OK"
2025-12-14 20:42:52,398 | INFO | HTTP Request: POST https://api.telegram.org/bot8324268104:AAF2qgTgqBNHZWdlE8P72UtZUKfQeBpPsXc/answerCallbackQuery "HTTP/1.1 200 OK"
2025-12-14 20:42:52,475 | INFO | HTTP Request: POST https://api.telegram.org/bot8324268104:AAF2qgTgqBNHZWdlE8P72UtZUKfQeBpPsXc/editMessageText "HTTP/1.1 200 OK"
2025-12-14 20:42:57,460 | INFO | HTTP Request: POST https://api.perplexity.ai/chat/completions "HTTP/1.1 400 Bad Request"
2025-12-14 20:42:57,461 | ERROR | Perplexity error: 400
2025-12-14 20:42:57,685 | INFO | HTTP Request: POST https://api.telegram.org/bot8324268104:AAF2qgTgqBNHZWdlE8P72UtZUKfQeBpPsXc/editMessageText "HTTP/1.1 200 OK"
2025-12-14 20:43:02,388 | INFO | HTTP Request: POST https://api.telegram.org/bot8324268104:AAF2qgTgqBNHZWdlE8P72UtZUKfQeBpPsXc/getUpdates "HTTP/1.1 200 OK"
2025-12-14 20:43:09,334 | INFO | HTTP Request: POST https://api.telegram.org/bot8324268104:AAF2qgTgqBNHZWdlE8P72UtZUKfQeBpPsXc/getUpdates "HTTP/1.1 200 OK"
2025-12-14 20:43:09,556 | INFO | HTTP Request: POST https://api.telegram.org/bot8324268104:AAF2qgTgqBNHZWdlE8P72UtZUKfQeBpPsXc/answerCallbackQuery "HTTP/1.1 200 OK"
2025-12-14 20:43:09,695 | INFO | HTTP Request: POST https://api.telegram.org/bot8324268104:AAF2qgTgqBNHZWdlE8P72UtZUKfQeBpPsXc/answerCallbackQuery "HTTP/1.1 200 OK"
2025-12-14 20:43:09,853 | INFO | HTTP Request: POST https://api.telegram.org/bot8324268104:AAF2qgTgqBNHZWdlE8P72UtZUKfQeBpPsXc/editMessageText "HTTP/1.1 200 OK"
2025-12-14 20:43:12,061 | INFO | HTTP Request: POST https://api.telegram.org/bot8324268104:AAF2qgTgqBNHZWdlE8P72UtZUKfQeBpPsXc/getUpdates "HTTP/1.1 200 OK"
2025-12-14 20:43:12,140 | INFO | HTTP Request: POST https://api.telegram.org/bot8324268104:AAF2qgTgqBNHZWdlE8P72UtZUKfQeBpPsXc/answerCallbackQuery "HTTP/1.1 200 OK"
2025-12-14 20:43:12,217 | INFO | HTTP Request: POST https://api.telegram.org/bot8324268104:AAF2qgTgqBNHZWdlE8P72UtZUKfQeBpPsXc/editMessageText "HTTP/1.1 200 OK"
2025-12-14 20:43:13,438 | INFO | HTTP Request: POST https://api.telegram.org/bot8324268104:AAF2qgTgqBNHZWdlE8P72UtZUKfQeBpPsXc/getUpdates "HTTP/1.1 200 OK"
2025-12-14 20:43:13,504 | INFO | HTTP Request: POST https://api.telegram.org/bot8324268104:AAF2qgTgqBNHZWdlE8P72UtZUKfQeBpPsXc/answerCallbackQuery "HTTP/1.1 200 OK"
2025-12-14 20:43:13,570 | INFO | HTTP Request: POST https://api.telegram.org/bot8324268104:AAF2qgTgqBNHZWdlE8P72UtZUKfQeBpPsXc/answerCallbackQuery "HTTP/1.1 200 OK"
2025-12-14 20:43:13,652 | INFO | HTTP Request: POST https://api.telegram.org/bot8324268104:AAF2qgTgqBNHZWdlE8P72UtZUKfQeBpPsXc/editMessageText "HTTP/1.1 200 OK"
2025-12-14 20:43:17,085 | INFO | HTTP Request: POST https://api.telegram.org/bot8324268104:AAF2qgTgqBNHZWdlE8P72UtZUKfQeBpPsXc/getUpdates "HTTP/1.1 200 OK"
2025-12-14 20:43:17,088 | INFO | Application is stopping. This might take a moment.
2025-12-14 20:43:17,088 | INFO | Application.stop() complete
2025-12-14 21:16:02,270 | INFO | ======================================================================
2025-12-14 21:16:02,272 | INFO | 🚀 COPY TRADING BOT PRO - FINAL RELEASE
2025-12-14 21:16:02,272 | INFO | ✨ Анализ + Перplexity + Баланс + Сигналы
2025-12-14 21:16:02,273 | INFO | ======================================================================
2025-12-14 21:16:02,521 | INFO | ✅ Бот запущен!
2025-12-14 21:16:02,522 | INFO | 📱 /start в Telegram для начала
2025-12-14 21:16:02,522 | INFO | 💾 Данные сохраняются в user_configs.json
2025-12-14 21:16:02,718 | INFO | HTTP Request: POST https://api.telegram.org/bot8324268104:AAF2qgTgqBNHZWdlE8P72UtZUKfQeBpPsXc/getMe "HTTP/1.1 200 OK"
2025-12-14 21:16:02,773 | INFO | HTTP Request: POST https://api.telegram.org/bot8324268104:AAF2qgTgqBNHZWdlE8P72UtZUKfQeBpPsXc/deleteWebhook "HTTP/1.1 200 OK"
2025-12-14 21:16:02,777 | INFO | Application started
2025-12-14 21:16:02,943 | INFO | HTTP Request: POST https://api.telegram.org/bot8324268104:AAF2qgTgqBNHZWdlE8P72UtZUKfQeBpPsXc/getUpdates "HTTP/1.1 200 OK"
2025-12-14 21:16:03,057 | INFO | HTTP Request: POST https://api.telegram.org/bot8324268104:AAF2qgTgqBNHZWdlE8P72UtZUKfQeBpPsXc/answerCallbackQuery "HTTP/1.1 400 Bad Request"
2025-12-14 21:16:03,059 | ERROR | Error: Query is too old and response timeout expired or query id is invalid
2025-12-14 21:16:04,939 | INFO | HTTP Request: POST https://api.telegram.org/bot8324268104:AAF2qgTgqBNHZWdlE8P72UtZUKfQeBpPsXc/getUpdates "HTTP/1.1 200 OK"
2025-12-14 21:16:05,047 | INFO | HTTP Request: POST https://api.telegram.org/bot8324268104:AAF2qgTgqBNHZWdlE8P72UtZUKfQeBpPsXc/sendMessage "HTTP/1.1 200 OK"
2025-12-14 21:16:06,267 | INFO | HTTP Request: POST https://api.telegram.org/bot8324268104:AAF2qgTgqBNHZWdlE8P72UtZUKfQeBpPsXc/getUpdates "HTTP/1.1 200 OK"
2025-12-14 21:16:06,366 | INFO | HTTP Request: POST https://api.telegram.org/bot8324268104:AAF2qgTgqBNHZWdlE8P72UtZUKfQeBpPsXc/answerCallbackQuery "HTTP/1.1 200 OK"
2025-12-14 21:16:06,453 | INFO | HTTP Request: POST https://api.telegram.org/bot8324268104:AAF2qgTgqBNHZWdlE8P72UtZUKfQeBpPsXc/editMessageText "HTTP/1.1 200 OK"
2025-12-14 21:16:16,323 | INFO | HTTP Request: POST https://api.telegram.org/bot8324268104:AAF2qgTgqBNHZWdlE8P72UtZUKfQeBpPsXc/getUpdates "HTTP/1.1 200 OK"
2025-12-14 21:16:26,380 | INFO | HTTP Request: POST https://api.telegram.org/bot8324268104:AAF2qgTgqBNHZWdlE8P72UtZUKfQeBpPsXc/getUpdates "HTTP/1.1 200 OK"
2025-12-14 21:16:30,041 | INFO | HTTP Request: POST https://api.telegram.org/bot8324268104:AAF2qgTgqBNHZWdlE8P72UtZUKfQeBpPsXc/getUpdates "HTTP/1.1 200 OK"
2025-12-14 21:16:30,288 | INFO | HTTP Request: POST https://api.telegram.org/bot8324268104:AAF2qgTgqBNHZWdlE8P72UtZUKfQeBpPsXc/answerCallbackQuery "HTTP/1.1 200 OK"
2025-12-14 21:16:30,422 | INFO | HTTP Request: POST https://api.telegram.org/bot8324268104:AAF2qgTgqBNHZWdlE8P72UtZUKfQeBpPsXc/answerCallbackQuery "HTTP/1.1 200 OK"
2025-12-14 21:16:30,567 | INFO | HTTP Request: POST https://api.telegram.org/bot8324268104:AAF2qgTgqBNHZWdlE8P72UtZUKfQeBpPsXc/editMessageText "HTTP/1.1 200 OK"
2025-12-14 21:16:40,100 | INFO | HTTP Request: POST https://api.telegram.org/bot8324268104:AAF2qgTgqBNHZWdlE8P72UtZUKfQeBpPsXc/getUpdates "HTTP/1.1 200 OK"
2025-12-14 21:16:43,169 | INFO | HTTP Request: POST https://api.telegram.org/bot8324268104:AAF2qgTgqBNHZWdlE8P72UtZUKfQeBpPsXc/getUpdates "HTTP/1.1 200 OK"
2025-12-14 21:16:43,347 | INFO | HTTP Request: POST https://api.telegram.org/bot8324268104:AAF2qgTgqBNHZWdlE8P72UtZUKfQeBpPsXc/answerCallbackQuery "HTTP/1.1 200 OK"
2025-12-14 21:16:43,469 | INFO | HTTP Request: POST https://api.telegram.org/bot8324268104:AAF2qgTgqBNHZWdlE8P72UtZUKfQeBpPsXc/editMessageText "HTTP/1.1 200 OK"
2025-12-14 21:16:44,480 | INFO | HTTP Request: POST https://api.telegram.org/bot8324268104:AAF2qgTgqBNHZWdlE8P72UtZUKfQeBpPsXc/getUpdates "HTTP/1.1 200 OK"
2025-12-14 21:16:44,564 | INFO | HTTP Request: POST https://api.telegram.org/bot8324268104:AAF2qgTgqBNHZWdlE8P72UtZUKfQeBpPsXc/answerCallbackQuery "HTTP/1.1 200 OK"
2025-12-14 21:16:44,625 | INFO | HTTP Request: POST https://api.telegram.org/bot8324268104:AAF2qgTgqBNHZWdlE8P72UtZUKfQeBpPsXc/answerCallbackQuery "HTTP/1.1 200 OK"
2025-12-14 21:16:44,710 | INFO | HTTP Request: POST https://api.telegram.org/bot8324268104:AAF2qgTgqBNHZWdlE8P72UtZUKfQeBpPsXc/editMessageText "HTTP/1.1 200 OK"
2025-12-14 21:16:45,214 | INFO | HTTP Request: POST https://api.telegram.org/bot8324268104:AAF2qgTgqBNHZWdlE8P72UtZUKfQeBpPsXc/getUpdates "HTTP/1.1 200 OK"
2025-12-14 21:16:45,282 | INFO | HTTP Request: POST https://api.telegram.org/bot8324268104:AAF2qgTgqBNHZWdlE8P72UtZUKfQeBpPsXc/answerCallbackQuery "HTTP/1.1 200 OK"
2025-12-14 21:16:45,344 | INFO | HTTP Request: POST https://api.telegram.org/bot8324268104:AAF2qgTgqBNHZWdlE8P72UtZUKfQeBpPsXc/answerCallbackQuery "HTTP/1.1 200 OK"
2025-12-14 21:16:45,418 | INFO | HTTP Request: POST https://api.telegram.org/bot8324268104:AAF2qgTgqBNHZWdlE8P72UtZUKfQeBpPsXc/editMessageText "HTTP/1.1 200 OK"
2025-12-14 21:16:45,967 | INFO | HTTP Request: POST https://api.telegram.org/bot8324268104:AAF2qgTgqBNHZWdlE8P72UtZUKfQeBpPsXc/getUpdates "HTTP/1.1 200 OK"
2025-12-14 21:16:46,048 | INFO | HTTP Request: POST https://api.telegram.org/bot8324268104:AAF2qgTgqBNHZWdlE8P72UtZUKfQeBpPsXc/answerCallbackQuery "HTTP/1.1 200 OK"
2025-12-14 21:16:46,114 | INFO | HTTP Request: POST https://api.telegram.org/bot8324268104:AAF2qgTgqBNHZWdlE8P72UtZUKfQeBpPsXc/answerCallbackQuery "HTTP/1.1 200 OK"
2025-12-14 21:16:46,190 | INFO | HTTP Request: POST https://api.telegram.org/bot8324268104:AAF2qgTgqBNHZWdlE8P72UtZUKfQeBpPsXc/editMessageText "HTTP/1.1 200 OK"
2025-12-14 21:16:47,000 | INFO | HTTP Request: POST https://api.telegram.org/bot8324268104:AAF2qgTgqBNHZWdlE8P72UtZUKfQeBpPsXc/getUpdates "HTTP/1.1 200 OK"
2025-12-14 21:16:47,075 | INFO | HTTP Request: POST https://api.telegram.org/bot8324268104:AAF2qgTgqBNHZWdlE8P72UtZUKfQeBpPsXc/answerCallbackQuery "HTTP/1.1 200 OK"
2025-12-14 21:16:47,135 | INFO | HTTP Request: POST https://api.telegram.org/bot8324268104:AAF2qgTgqBNHZWdlE8P72UtZUKfQeBpPsXc/answerCallbackQuery "HTTP/1.1 200 OK"
2025-12-14 21:16:47,210 | INFO | HTTP Request: POST https://api.telegram.org/bot8324268104:AAF2qgTgqBNHZWdlE8P72UtZUKfQeBpPsXc/editMessageText "HTTP/1.1 200 OK"
2025-12-14 21:16:48,209 | INFO | HTTP Request: POST https://api.telegram.org/bot8324268104:AAF2qgTgqBNHZWdlE8P72UtZUKfQeBpPsXc/getUpdates "HTTP/1.1 200 OK"
2025-12-14 21:16:48,272 | INFO | HTTP Request: POST https://api.telegram.org/bot8324268104:AAF2qgTgqBNHZWdlE8P72UtZUKfQeBpPsXc/answerCallbackQuery "HTTP/1.1 200 OK"
2025-12-14 21:16:48,358 | INFO | HTTP Request: POST https://api.telegram.org/bot8324268104:AAF2qgTgqBNHZWdlE8P72UtZUKfQeBpPsXc/editMessageText "HTTP/1.1 200 OK"
2025-12-14 21:16:51,940 | INFO | HTTP Request: POST https://api.perplexity.ai/chat/completions "HTTP/1.1 400 Bad Request"
2025-12-14 21:16:51,941 | ERROR | Perplexity error: 400
2025-12-14 21:16:52,024 | INFO | HTTP Request: POST https://api.telegram.org/bot8324268104:AAF2qgTgqBNHZWdlE8P72UtZUKfQeBpPsXc/editMessageText "HTTP/1.1 200 OK"
2025-12-14 21:16:56,033 | INFO | HTTP Request: POST https://api.telegram.org/bot8324268104:AAF2qgTgqBNHZWdlE8P72UtZUKfQeBpPsXc/getUpdates "HTTP/1.1 200 OK"
2025-12-14 21:16:56,095 | INFO | HTTP Request: POST https://api.telegram.org/bot8324268104:AAF2qgTgqBNHZWdlE8P72UtZUKfQeBpPsXc/answerCallbackQuery "HTTP/1.1 200 OK"
2025-12-14 21:16:56,183 | INFO | HTTP Request: POST https://api.telegram.org/bot8324268104:AAF2qgTgqBNHZWdlE8P72UtZUKfQeBpPsXc/answerCallbackQuery "HTTP/1.1 200 OK"
2025-12-14 21:16:56,273 | INFO | HTTP Request: POST https://api.telegram.org/bot8324268104:AAF2qgTgqBNHZWdlE8P72UtZUKfQeBpPsXc/editMessageText "HTTP/1.1 200 OK"
2025-12-14 21:16:58,807 | INFO | HTTP Request: POST https://api.telegram.org/bot8324268104:AAF2qgTgqBNHZWdlE8P72UtZUKfQeBpPsXc/getUpdates "HTTP/1.1 200 OK"
2025-12-14 21:16:58,881 | INFO | HTTP Request: POST https://api.telegram.org/bot8324268104:AAF2qgTgqBNHZWdlE8P72UtZUKfQeBpPsXc/answerCallbackQuery "HTTP/1.1 200 OK"
2025-12-14 21:16:58,952 | INFO | HTTP Request: POST https://api.telegram.org/bot8324268104:AAF2qgTgqBNHZWdlE8P72UtZUKfQeBpPsXc/editMessageText "HTTP/1.1 200 OK"
2025-12-14 21:17:01,019 | ERROR | ❌ Balance error: okx {"msg":"APIKey does not match current environment.","code":"50101"}
2025-12-14 21:17:01,105 | INFO | HTTP Request: POST https://api.telegram.org/bot8324268104:AAF2qgTgqBNHZWdlE8P72UtZUKfQeBpPsXc/editMessageText "HTTP/1.1 200 OK"
2025-12-14 21:17:03,448 | INFO | HTTP Request: POST https://api.telegram.org/bot8324268104:AAF2qgTgqBNHZWdlE8P72UtZUKfQeBpPsXc/getUpdates "HTTP/1.1 200 OK"
2025-12-14 21:17:03,518 | INFO | HTTP Request: POST https://api.telegram.org/bot8324268104:AAF2qgTgqBNHZWdlE8P72UtZUKfQeBpPsXc/answerCallbackQuery "HTTP/1.1 200 OK"
2025-12-14 21:17:03,592 | INFO | HTTP Request: POST https://api.telegram.org/bot8324268104:AAF2qgTgqBNHZWdlE8P72UtZUKfQeBpPsXc/editMessageText "HTTP/1.1 200 OK"
2025-12-14 21:17:07,671 | INFO | HTTP Request: POST https://api.telegram.org/bot8324268104:AAF2qgTgqBNHZWdlE8P72UtZUKfQeBpPsXc/getUpdates "HTTP/1.1 200 OK"
2025-12-14 21:17:07,750 | INFO | HTTP Request: POST https://api.telegram.org/bot8324268104:AAF2qgTgqBNHZWdlE8P72UtZUKfQeBpPsXc/answerCallbackQuery "HTTP/1.1 200 OK"
2025-12-14 21:17:07,827 | INFO | HTTP Request: POST https://api.telegram.org/bot8324268104:AAF2qgTgqBNHZWdlE8P72UtZUKfQeBpPsXc/editMessageText "HTTP/1.1 200 OK"
2025-12-14 21:17:09,900 | ERROR | ❌ Balance error: okx {"msg":"APIKey does not match current environment.","code":"50101"}
2025-12-14 21:17:09,991 | INFO | HTTP Request: POST https://api.telegram.org/bot8324268104:AAF2qgTgqBNHZWdlE8P72UtZUKfQeBpPsXc/editMessageText "HTTP/1.1 200 OK"
2025-12-14 21:17:10,981 | INFO | HTTP Request: POST https://api.telegram.org/bot8324268104:AAF2qgTgqBNHZWdlE8P72UtZUKfQeBpPsXc/getUpdates "HTTP/1.1 200 OK"
2025-12-14 21:17:11,048 | INFO | HTTP Request: POST https://api.telegram.org/bot8324268104:AAF2qgTgqBNHZWdlE8P72UtZUKfQeBpPsXc/answerCallbackQuery "HTTP/1.1 200 OK"
2025-12-14 21:17:11,117 | INFO | HTTP Request: POST https://api.telegram.org/bot8324268104:AAF2qgTgqBNHZWdlE8P72UtZUKfQeBpPsXc/answerCallbackQuery "HTTP/1.1 200 OK"
2025-12-14 21:17:11,193 | INFO | HTTP Request: POST https://api.telegram.org/bot8324268104:AAF2qgTgqBNHZWdlE8P72UtZUKfQeBpPsXc/editMessageText "HTTP/1.1 200 OK"
2025-12-14 21:17:13,083 | INFO | HTTP Request: POST https://api.telegram.org/bot8324268104:AAF2qgTgqBNHZWdlE8P72UtZUKfQeBpPsXc/getUpdates "HTTP/1.1 200 OK"
2025-12-14 21:17:13,146 | INFO | HTTP Request: POST https://api.telegram.org/bot8324268104:AAF2qgTgqBNHZWdlE8P72UtZUKfQeBpPsXc/answerCallbackQuery "HTTP/1.1 200 OK"
2025-12-14 21:17:13,218 | INFO | HTTP Request: POST https://api.telegram.org/bot8324268104:AAF2qgTgqBNHZWdlE8P72UtZUKfQeBpPsXc/editMessageText "HTTP/1.1 200 OK"
2025-12-14 21:17:17,033 | INFO | HTTP Request: POST https://api.telegram.org/bot8324268104:AAF2qgTgqBNHZWdlE8P72UtZUKfQeBpPsXc/getUpdates "HTTP/1.1 200 OK"
2025-12-14 21:17:17,094 | INFO | HTTP Request: POST https://api.telegram.org/bot8324268104:AAF2qgTgqBNHZWdlE8P72UtZUKfQeBpPsXc/answerCallbackQuery "HTTP/1.1 200 OK"
2025-12-14 21:17:17,159 | INFO | HTTP Request: POST https://api.telegram.org/bot8324268104:AAF2qgTgqBNHZWdlE8P72UtZUKfQeBpPsXc/answerCallbackQuery "HTTP/1.1 200 OK"
2025-12-14 21:17:17,226 | INFO | HTTP Request: POST https://api.telegram.org/bot8324268104:AAF2qgTgqBNHZWdlE8P72UtZUKfQeBpPsXc/answerCallbackQuery "HTTP/1.1 200 OK"
2025-12-14 21:17:17,302 | INFO | HTTP Request: POST https://api.telegram.org/bot8324268104:AAF2qgTgqBNHZWdlE8P72UtZUKfQeBpPsXc/editMessageText "HTTP/1.1 200 OK"
2025-12-14 21:17:20,435 | INFO | HTTP Request: POST https://api.telegram.org/bot8324268104:AAF2qgTgqBNHZWdlE8P72UtZUKfQeBpPsXc/getUpdates "HTTP/1.1 200 OK"
2025-12-14 21:17:20,520 | INFO | HTTP Request: POST https://api.telegram.org/bot8324268104:AAF2qgTgqBNHZWdlE8P72UtZUKfQeBpPsXc/answerCallbackQuery "HTTP/1.1 200 OK"
2025-12-14 21:17:20,583 | INFO | HTTP Request: POST https://api.telegram.org/bot8324268104:AAF2qgTgqBNHZWdlE8P72UtZUKfQeBpPsXc/answerCallbackQuery "HTTP/1.1 200 OK"
2025-12-14 21:17:20,649 | INFO | HTTP Request: POST https://api.telegram.org/bot8324268104:AAF2qgTgqBNHZWdlE8P72UtZUKfQeBpPsXc/answerCallbackQuery "HTTP/1.1 200 OK"
2025-12-14 21:17:20,721 | INFO | HTTP Request: POST https://api.telegram.org/bot8324268104:AAF2qgTgqBNHZWdlE8P72UtZUKfQeBpPsXc/editMessageText "HTTP/1.1 200 OK"
2025-12-14 21:17:21,462 | INFO | HTTP Request: POST https://api.telegram.org/bot8324268104:AAF2qgTgqBNHZWdlE8P72UtZUKfQeBpPsXc/getUpdates "HTTP/1.1 200 OK"
2025-12-14 21:17:21,541 | INFO | HTTP Request: POST https://api.telegram.org/bot8324268104:AAF2qgTgqBNHZWdlE8P72UtZUKfQeBpPsXc/answerCallbackQuery "HTTP/1.1 200 OK"
2025-12-14 21:17:21,623 | INFO | HTTP Request: POST https://api.telegram.org/bot8324268104:AAF2qgTgqBNHZWdlE8P72UtZUKfQeBpPsXc/answerCallbackQuery "HTTP/1.1 200 OK"
2025-12-14 21:17:21,699 | INFO | HTTP Request: POST https://api.telegram.org/bot8324268104:AAF2qgTgqBNHZWdlE8P72UtZUKfQeBpPsXc/editMessageText "HTTP/1.1 200 OK"
2025-12-14 21:17:22,770 | INFO | HTTP Request: POST https://api.telegram.org/bot8324268104:AAF2qgTgqBNHZWdlE8P72UtZUKfQeBpPsXc/getUpdates "HTTP/1.1 200 OK"
2025-12-14 21:17:22,831 | INFO | HTTP Request: POST https://api.telegram.org/bot8324268104:AAF2qgTgqBNHZWdlE8P72UtZUKfQeBpPsXc/answerCallbackQuery "HTTP/1.1 200 OK"
2025-12-14 21:17:22,938 | INFO | HTTP Request: POST https://api.telegram.org/bot8324268104:AAF2qgTgqBNHZWdlE8P72UtZUKfQeBpPsXc/editMessageText "HTTP/1.1 200 OK"
2025-12-14 21:17:25,341 | INFO | HTTP Request: POST https://api.telegram.org/bot8324268104:AAF2qgTgqBNHZWdlE8P72UtZUKfQeBpPsXc/getUpdates "HTTP/1.1 200 OK"
2025-12-14 21:17:25,524 | INFO | HTTP Request: POST https://api.telegram.org/bot8324268104:AAF2qgTgqBNHZWdlE8P72UtZUKfQeBpPsXc/answerCallbackQuery "HTTP/1.1 200 OK"
2025-12-14 21:17:25,712 | INFO | HTTP Request: POST https://api.telegram.org/bot8324268104:AAF2qgTgqBNHZWdlE8P72UtZUKfQeBpPsXc/answerCallbackQuery "HTTP/1.1 200 OK"
2025-12-14 21:17:25,809 | INFO | HTTP Request: POST https://api.telegram.org/bot8324268104:AAF2qgTgqBNHZWdlE8P72UtZUKfQeBpPsXc/editMessageText "HTTP/1.1 200 OK"
2025-12-14 21:17:26,785 | INFO | HTTP Request: POST https://api.telegram.org/bot8324268104:AAF2qgTgqBNHZWdlE8P72UtZUKfQeBpPsXc/getUpdates "HTTP/1.1 200 OK"
2025-12-14 21:17:26,925 | INFO | HTTP Request: POST https://api.telegram.org/bot8324268104:AAF2qgTgqBNHZWdlE8P72UtZUKfQeBpPsXc/answerCallbackQuery "HTTP/1.1 200 OK"
2025-12-14 21:17:27,017 | INFO | HTTP Request: POST https://api.telegram.org/bot8324268104:AAF2qgTgqBNHZWdlE8P72UtZUKfQeBpPsXc/editMessageText "HTTP/1.1 200 OK"
2025-12-14 21:17:30,089 | INFO | HTTP Request: POST https://api.telegram.org/bot8324268104:AAF2qgTgqBNHZWdlE8P72UtZUKfQeBpPsXc/getUpdates "HTTP/1.1 200 OK"
2025-12-14 21:17:30,173 | INFO | HTTP Request: POST https://api.telegram.org/bot8324268104:AAF2qgTgqBNHZWdlE8P72UtZUKfQeBpPsXc/answerCallbackQuery "HTTP/1.1 200 OK"
2025-12-14 21:17:30,266 | INFO | HTTP Request: POST https://api.telegram.org/bot8324268104:AAF2qgTgqBNHZWdlE8P72UtZUKfQeBpPsXc/editMessageText "HTTP/1.1 200 OK"
2025-12-14 21:17:32,849 | INFO | HTTP Request: POST https://api.telegram.org/bot8324268104:AAF2qgTgqBNHZWdlE8P72UtZUKfQeBpPsXc/getUpdates "HTTP/1.1 200 OK"
2025-12-14 21:17:32,913 | INFO | HTTP Request: POST https://api.telegram.org/bot8324268104:AAF2qgTgqBNHZWdlE8P72UtZUKfQeBpPsXc/answerCallbackQuery "HTTP/1.1 200 OK"
2025-12-14 21:17:32,996 | INFO | HTTP Request: POST https://api.telegram.org/bot8324268104:AAF2qgTgqBNHZWdlE8P72UtZUKfQeBpPsXc/editMessageText "HTTP/1.1 200 OK"
2025-12-14 21:17:33,867 | INFO | HTTP Request: POST https://api.telegram.org/bot8324268104:AAF2qgTgqBNHZWdlE8P72UtZUKfQeBpPsXc/getUpdates "HTTP/1.1 200 OK"
2025-12-14 21:17:33,928 | INFO | HTTP Request: POST https://api.telegram.org/bot8324268104:AAF2qgTgqBNHZWdlE8P72UtZUKfQeBpPsXc/answerCallbackQuery "HTTP/1.1 200 OK"
2025-12-14 21:17:34,020 | INFO | HTTP Request: POST https://api.telegram.org/bot8324268104:AAF2qgTgqBNHZWdlE8P72UtZUKfQeBpPsXc/answerCallbackQuery "HTTP/1.1 200 OK"
2025-12-14 21:17:34,136 | INFO | HTTP Request: POST https://api.telegram.org/bot8324268104:AAF2qgTgqBNHZWdlE8P72UtZUKfQeBpPsXc/editMessageText "HTTP/1.1 200 OK"
2025-12-14 21:17:35,524 | INFO | HTTP Request: POST https://api.telegram.org/bot8324268104:AAF2qgTgqBNHZWdlE8P72UtZUKfQeBpPsXc/getUpdates "HTTP/1.1 200 OK"
2025-12-14 21:17:35,591 | INFO | HTTP Request: POST https://api.telegram.org/bot8324268104:AAF2qgTgqBNHZWdlE8P72UtZUKfQeBpPsXc/answerCallbackQuery "HTTP/1.1 200 OK"
2025-12-14 21:17:35,661 | INFO | HTTP Request: POST https://api.telegram.org/bot8324268104:AAF2qgTgqBNHZWdlE8P72UtZUKfQeBpPsXc/editMessageText "HTTP/1.1 200 OK"
2025-12-14 21:17:36,530 | INFO | HTTP Request: POST https://api.telegram.org/bot8324268104:AAF2qgTgqBNHZWdlE8P72UtZUKfQeBpPsXc/getUpdates "HTTP/1.1 200 OK"
2025-12-14 21:17:36,634 | INFO | HTTP Request: POST https://api.telegram.org/bot8324268104:AAF2qgTgqBNHZWdlE8P72UtZUKfQeBpPsXc/answerCallbackQuery "HTTP/1.1 200 OK"
2025-12-14 21:17:38,971 | INFO | HTTP Request: POST https://api.telegram.org/bot8324268104:AAF2qgTgqBNHZWdlE8P72UtZUKfQeBpPsXc/answerCallbackQuery "HTTP/1.1 200 OK"
2025-12-14 21:17:39,033 | INFO | HTTP Request: POST https://api.telegram.org/bot8324268104:AAF2qgTgqBNHZWdlE8P72UtZUKfQeBpPsXc/getUpdates "HTTP/1.1 200 OK"
2025-12-14 21:17:39,096 | INFO | HTTP Request: POST https://api.telegram.org/bot8324268104:AAF2qgTgqBNHZWdlE8P72UtZUKfQeBpPsXc/answerCallbackQuery "HTTP/1.1 200 OK"
2025-12-14 21:17:39,159 | INFO | HTTP Request: POST https://api.telegram.org/bot8324268104:AAF2qgTgqBNHZWdlE8P72UtZUKfQeBpPsXc/answerCallbackQuery "HTTP/1.1 200 OK"
2025-12-14 21:17:39,246 | INFO | HTTP Request: POST https://api.telegram.org/bot8324268104:AAF2qgTgqBNHZWdlE8P72UtZUKfQeBpPsXc/editMessageText "HTTP/1.1 200 OK"
2025-12-14 21:17:41,007 | INFO | HTTP Request: POST https://api.telegram.org/bot8324268104:AAF2qgTgqBNHZWdlE8P72UtZUKfQeBpPsXc/getUpdates "HTTP/1.1 200 OK"
2025-12-14 21:17:41,092 | INFO | HTTP Request: POST https://api.telegram.org/bot8324268104:AAF2qgTgqBNHZWdlE8P72UtZUKfQeBpPsXc/answerCallbackQuery "HTTP/1.1 200 OK"
2025-12-14 21:17:41,188 | INFO | HTTP Request: POST https://api.telegram.org/bot8324268104:AAF2qgTgqBNHZWdlE8P72UtZUKfQeBpPsXc/editMessageText "HTTP/1.1 200 OK"
2025-12-14 21:17:42,657 | INFO | HTTP Request: POST https://api.telegram.org/bot8324268104:AAF2qgTgqBNHZWdlE8P72UtZUKfQeBpPsXc/getUpdates "HTTP/1.1 200 OK"
2025-12-14 21:17:42,717 | INFO | HTTP Request: POST https://api.telegram.org/bot8324268104:AAF2qgTgqBNHZWdlE8P72UtZUKfQeBpPsXc/answerCallbackQuery "HTTP/1.1 200 OK"
2025-12-14 21:17:42,781 | INFO | HTTP Request: POST https://api.telegram.org/bot8324268104:AAF2qgTgqBNHZWdlE8P72UtZUKfQeBpPsXc/answerCallbackQuery "HTTP/1.1 200 OK"
2025-12-14 21:17:42,878 | INFO | HTTP Request: POST https://api.telegram.org/bot8324268104:AAF2qgTgqBNHZWdlE8P72UtZUKfQeBpPsXc/editMessageText "HTTP/1.1 200 OK"
2025-12-14 21:17:43,662 | INFO | HTTP Request: POST https://api.telegram.org/bot8324268104:AAF2qgTgqBNHZWdlE8P72UtZUKfQeBpPsXc/getUpdates "HTTP/1.1 200 OK"
2025-12-14 21:17:43,770 | INFO | HTTP Request: POST https://api.telegram.org/bot8324268104:AAF2qgTgqBNHZWdlE8P72UtZUKfQeBpPsXc/answerCallbackQuery "HTTP/1.1 200 OK"
2025-12-14 21:17:43,885 | INFO | HTTP Request: POST https://api.telegram.org/bot8324268104:AAF2qgTgqBNHZWdlE8P72UtZUKfQeBpPsXc/editMessageText "HTTP/1.1 200 OK"
2025-12-14 21:17:53,723 | INFO | HTTP Request: POST https://api.telegram.org/bot8324268104:AAF2qgTgqBNHZWdlE8P72UtZUKfQeBpPsXc/getUpdates "HTTP/1.1 200 OK"
2025-12-14 21:18:03,780 | INFO | HTTP Request: POST https://api.telegram.org/bot8324268104:AAF2qgTgqBNHZWdlE8P72UtZUKfQeBpPsXc/getUpdates "HTTP/1.1 200 OK"
2025-12-14 21:18:13,831 | INFO | HTTP Request: POST https://api.telegram.org/bot8324268104:AAF2qgTgqBNHZWdlE8P72UtZUKfQeBpPsXc/getUpdates "HTTP/1.1 200 OK"
2025-12-14 21:18:23,889 | INFO | HTTP Request: POST https://api.telegram.org/bot8324268104:AAF2qgTgqBNHZWdlE8P72UtZUKfQeBpPsXc/getUpdates "HTTP/1.1 200 OK"
2025-12-14 21:18:33,941 | INFO | HTTP Request: POST https://api.telegram.org/bot8324268104:AAF2qgTgqBNHZWdlE8P72UtZUKfQeBpPsXc/getUpdates "HTTP/1.1 200 OK"
2025-12-14 21:18:43,995 | INFO | HTTP Request: POST https://api.telegram.org/bot8324268104:AAF2qgTgqBNHZWdlE8P72UtZUKfQeBpPsXc/getUpdates "HTTP/1.1 200 OK"
2025-12-14 21:18:54,050 | INFO | HTTP Request: POST https://api.telegram.org/bot8324268104:AAF2qgTgqBNHZWdlE8P72UtZUKfQeBpPsXc/getUpdates "HTTP/1.1 200 OK"
2025-12-14 21:19:04,105 | INFO | HTTP Request: POST https://api.telegram.org/bot8324268104:AAF2qgTgqBNHZWdlE8P72UtZUKfQeBpPsXc/getUpdates "HTTP/1.1 200 OK"
2025-12-14 21:19:14,161 | INFO | HTTP Request: POST https://api.telegram.org/bot8324268104:AAF2qgTgqBNHZWdlE8P72UtZUKfQeBpPsXc/getUpdates "HTTP/1.1 200 OK"
2025-12-14 21:19:24,217 | INFO | HTTP Request: POST https://api.telegram.org/bot8324268104:AAF2qgTgqBNHZWdlE8P72UtZUKfQeBpPsXc/getUpdates "HTTP/1.1 200 OK"
2025-12-14 21:19:34,273 | INFO | HTTP Request: POST https://api.telegram.org/bot8324268104:AAF2qgTgqBNHZWdlE8P72UtZUKfQeBpPsXc/getUpdates "HTTP/1.1 200 OK"
2025-12-14 21:19:44,329 | INFO | HTTP Request: POST https://api.telegram.org/bot8324268104:AAF2qgTgqBNHZWdlE8P72UtZUKfQeBpPsXc/getUpdates "HTTP/1.1 200 OK"
2025-12-14 21:19:54,382 | INFO | HTTP Request: POST https://api.telegram.org/bot8324268104:AAF2qgTgqBNHZWdlE8P72UtZUKfQeBpPsXc/getUpdates "HTTP/1.1 200 OK"
2025-12-14 21:20:04,435 | INFO | HTTP Request: POST https://api.telegram.org/bot8324268104:AAF2qgTgqBNHZWdlE8P72UtZUKfQeBpPsXc/getUpdates "HTTP/1.1 200 OK"
2025-12-14 21:20:14,489 | INFO | HTTP Request: POST https://api.telegram.org/bot8324268104:AAF2qgTgqBNHZWdlE8P72UtZUKfQeBpPsXc/getUpdates "HTTP/1.1 200 OK"
2025-12-14 21:20:24,544 | INFO | HTTP Request: POST https://api.telegram.org/bot8324268104:AAF2qgTgqBNHZWdlE8P72UtZUKfQeBpPsXc/getUpdates "HTTP/1.1 200 OK"
2025-12-14 21:20:34,599 | INFO | HTTP Request: POST https://api.telegram.org/bot8324268104:AAF2qgTgqBNHZWdlE8P72UtZUKfQeBpPsXc/getUpdates "HTTP/1.1 200 OK"
2025-12-14 21:20:44,655 | INFO | HTTP Request: POST https://api.telegram.org/bot8324268104:AAF2qgTgqBNHZWdlE8P72UtZUKfQeBpPsXc/getUpdates "HTTP/1.1 200 OK"
2025-12-14 21:20:54,708 | INFO | HTTP Request: POST https://api.telegram.org/bot8324268104:AAF2qgTgqBNHZWdlE8P72UtZUKfQeBpPsXc/getUpdates "HTTP/1.1 200 OK"
2025-12-14 21:21:04,763 | INFO | HTTP Request: POST https://api.telegram.org/bot8324268104:AAF2qgTgqBNHZWdlE8P72UtZUKfQeBpPsXc/getUpdates "HTTP/1.1 200 OK"
2025-12-14 21:21:14,818 | INFO | HTTP Request: POST https://api.telegram.org/bot8324268104:AAF2qgTgqBNHZWdlE8P72UtZUKfQeBpPsXc/getUpdates "HTTP/1.1 200 OK"
2025-12-14 21:21:24,885 | INFO | HTTP Request: POST https://api.telegram.org/bot8324268104:AAF2qgTgqBNHZWdlE8P72UtZUKfQeBpPsXc/getUpdates "HTTP/1.1 200 OK"
2025-12-14 21:21:34,940 | INFO | HTTP Request: POST https://api.telegram.org/bot8324268104:AAF2qgTgqBNHZWdlE8P72UtZUKfQeBpPsXc/getUpdates "HTTP/1.1 200 OK"
2025-12-14 21:21:44,992 | INFO | HTTP Request: POST https://api.telegram.org/bot8324268104:AAF2qgTgqBNHZWdlE8P72UtZUKfQeBpPsXc/getUpdates "HTTP/1.1 200 OK"
2025-12-14 21:21:55,045 | INFO | HTTP Request: POST https://api.telegram.org/bot8324268104:AAF2qgTgqBNHZWdlE8P72UtZUKfQeBpPsXc/getUpdates "HTTP/1.1 200 OK"
2025-12-14 21:22:05,099 | INFO | HTTP Request: POST https://api.telegram.org/bot8324268104:AAF2qgTgqBNHZWdlE8P72UtZUKfQeBpPsXc/getUpdates "HTTP/1.1 200 OK"
2025-12-14 21:22:15,152 | INFO | HTTP Request: POST https://api.telegram.org/bot8324268104:AAF2qgTgqBNHZWdlE8P72UtZUKfQeBpPsXc/getUpdates "HTTP/1.1 200 OK"
2025-12-14 21:22:25,209 | INFO | HTTP Request: POST https://api.telegram.org/bot8324268104:AAF2qgTgqBNHZWdlE8P72UtZUKfQeBpPsXc/getUpdates "HTTP/1.1 200 OK"
2025-12-14 21:22:35,283 | INFO | HTTP Request: POST https://api.telegram.org/bot8324268104:AAF2qgTgqBNHZWdlE8P72UtZUKfQeBpPsXc/getUpdates "HTTP/1.1 200 OK"
2025-12-14 21:22:45,385 | INFO | HTTP Request: POST https://api.telegram.org/bot8324268104:AAF2qgTgqBNHZWdlE8P72UtZUKfQeBpPsXc/getUpdates "HTTP/1.1 200 OK"
2025-12-14 21:22:55,440 | INFO | HTTP Request: POST https://api.telegram.org/bot8324268104:AAF2qgTgqBNHZWdlE8P72UtZUKfQeBpPsXc/getUpdates "HTTP/1.1 200 OK"
2025-12-14 21:23:05,495 | INFO | HTTP Request: POST https://api.telegram.org/bot8324268104:AAF2qgTgqBNHZWdlE8P72UtZUKfQeBpPsXc/getUpdates "HTTP/1.1 200 OK"
2025-12-14 21:23:15,552 | INFO | HTTP Request: POST https://api.telegram.org/bot8324268104:AAF2qgTgqBNHZWdlE8P72UtZUKfQeBpPsXc/getUpdates "HTTP/1.1 200 OK"
2025-12-14 21:23:25,604 | INFO | HTTP Request: POST https://api.telegram.org/bot8324268104:AAF2qgTgqBNHZWdlE8P72UtZUKfQeBpPsXc/getUpdates "HTTP/1.1 200 OK"
2025-12-14 21:23:35,657 | INFO | HTTP Request: POST https://api.telegram.org/bot8324268104:AAF2qgTgqBNHZWdlE8P72UtZUKfQeBpPsXc/getUpdates "HTTP/1.1 200 OK"
2025-12-14 21:23:45,712 | INFO | HTTP Request: POST https://api.telegram.org/bot8324268104:AAF2qgTgqBNHZWdlE8P72UtZUKfQeBpPsXc/getUpdates "HTTP/1.1 200 OK"
2025-12-14 21:23:55,768 | INFO | HTTP Request: POST https://api.telegram.org/bot8324268104:AAF2qgTgqBNHZWdlE8P72UtZUKfQeBpPsXc/getUpdates "HTTP/1.1 200 OK"
2025-12-14 21:24:05,822 | INFO | HTTP Request: POST https://api.telegram.org/bot8324268104:AAF2qgTgqBNHZWdlE8P72UtZUKfQeBpPsXc/getUpdates "HTTP/1.1 200 OK"
2025-12-14 21:24:15,877 | INFO | HTTP Request: POST https://api.telegram.org/bot8324268104:AAF2qgTgqBNHZWdlE8P72UtZUKfQeBpPsXc/getUpdates "HTTP/1.1 200 OK"
2025-12-14 21:24:25,931 | INFO | HTTP Request: POST https://api.telegram.org/bot8324268104:AAF2qgTgqBNHZWdlE8P72UtZUKfQeBpPsXc/getUpdates "HTTP/1.1 200 OK"
2025-12-14 21:24:35,986 | INFO | HTTP Request: POST https://api.telegram.org/bot8324268104:AAF2qgTgqBNHZWdlE8P72UtZUKfQeBpPsXc/getUpdates "HTTP/1.1 200 OK"
2025-12-14 21:24:46,041 | INFO | HTTP Request: POST https://api.telegram.org/bot8324268104:AAF2qgTgqBNHZWdlE8P72UtZUKfQeBpPsXc/getUpdates "HTTP/1.1 200 OK"
2025-12-14 21:24:56,096 | INFO | HTTP Request: POST https://api.telegram.org/bot8324268104:AAF2qgTgqBNHZWdlE8P72UtZUKfQeBpPsXc/getUpdates "HTTP/1.1 200 OK"
2025-12-14 21:25:06,152 | INFO | HTTP Request: POST https://api.telegram.org/bot8324268104:AAF2qgTgqBNHZWdlE8P72UtZUKfQeBpPsXc/getUpdates "HTTP/1.1 200 OK"
2025-12-14 21:25:16,208 | INFO | HTTP Request: POST https://api.telegram.org/bot8324268104:AAF2qgTgqBNHZWdlE8P72UtZUKfQeBpPsXc/getUpdates "HTTP/1.1 200 OK"
2025-12-14 21:25:26,263 | INFO | HTTP Request: POST https://api.telegram.org/bot8324268104:AAF2qgTgqBNHZWdlE8P72UtZUKfQeBpPsXc/getUpdates "HTTP/1.1 200 OK"
2025-12-14 21:25:36,318 | INFO | HTTP Request: POST https://api.telegram.org/bot8324268104:AAF2qgTgqBNHZWdlE8P72UtZUKfQeBpPsXc/getUpdates "HTTP/1.1 200 OK"
2025-12-14 21:25:46,373 | INFO | HTTP Request: POST https://api.telegram.org/bot8324268104:AAF2qgTgqBNHZWdlE8P72UtZUKfQeBpPsXc/getUpdates "HTTP/1.1 200 OK"
2025-12-14 21:25:56,427 | INFO | HTTP Request: POST https://api.telegram.org/bot8324268104:AAF2qgTgqBNHZWdlE8P72UtZUKfQeBpPsXc/getUpdates "HTTP/1.1 200 OK"
2025-12-14 21:26:06,506 | INFO | HTTP Request: POST https://api.telegram.org/bot8324268104:AAF2qgTgqBNHZWdlE8P72UtZUKfQeBpPsXc/getUpdates "HTTP/1.1 200 OK"
2025-12-14 21:26:16,642 | INFO | HTTP Request: POST https://api.telegram.org/bot8324268104:AAF2qgTgqBNHZWdlE8P72UtZUKfQeBpPsXc/getUpdates "HTTP/1.1 200 OK"
2025-12-14 21:26:26,696 | INFO | HTTP Request: POST https://api.telegram.org/bot8324268104:AAF2qgTgqBNHZWdlE8P72UtZUKfQeBpPsXc/getUpdates "HTTP/1.1 200 OK"
2025-12-14 21:26:36,826 | INFO | HTTP Request: POST https://api.telegram.org/bot8324268104:AAF2qgTgqBNHZWdlE8P72UtZUKfQeBpPsXc/getUpdates "HTTP/1.1 200 OK"
2025-12-14 21:26:46,881 | INFO | HTTP Request: POST https://api.telegram.org/bot8324268104:AAF2qgTgqBNHZWdlE8P72UtZUKfQeBpPsXc/getUpdates "HTTP/1.1 200 OK"
2025-12-14 21:26:56,936 | INFO | HTTP Request: POST https://api.telegram.org/bot8324268104:AAF2qgTgqBNHZWdlE8P72UtZUKfQeBpPsXc/getUpdates "HTTP/1.1 200 OK"
2025-12-14 21:27:06,990 | INFO | HTTP Request: POST https://api.telegram.org/bot8324268104:AAF2qgTgqBNHZWdlE8P72UtZUKfQeBpPsXc/getUpdates "HTTP/1.1 200 OK"
2025-12-14 21:27:17,044 | INFO | HTTP Request: POST https://api.telegram.org/bot8324268104:AAF2qgTgqBNHZWdlE8P72UtZUKfQeBpPsXc/getUpdates "HTTP/1.1 200 OK"
2025-12-14 21:27:27,097 | INFO | HTTP Request: POST https://api.telegram.org/bot8324268104:AAF2qgTgqBNHZWdlE8P72UtZUKfQeBpPsXc/getUpdates "HTTP/1.1 200 OK"
2025-12-14 21:27:37,156 | INFO | HTTP Request: POST https://api.telegram.org/bot8324268104:AAF2qgTgqBNHZWdlE8P72UtZUKfQeBpPsXc/getUpdates "HTTP/1.1 200 OK"
2025-12-14 21:27:47,213 | INFO | HTTP Request: POST https://api.telegram.org/bot8324268104:AAF2qgTgqBNHZWdlE8P72UtZUKfQeBpPsXc/getUpdates "HTTP/1.1 200 OK"
2025-12-14 21:27:57,276 | INFO | HTTP Request: POST https://api.telegram.org/bot8324268104:AAF2qgTgqBNHZWdlE8P72UtZUKfQeBpPsXc/getUpdates "HTTP/1.1 200 OK"
2025-12-14 21:28:07,344 | INFO | HTTP Request: POST https://api.telegram.org/bot8324268104:AAF2qgTgqBNHZWdlE8P72UtZUKfQeBpPsXc/getUpdates "HTTP/1.1 200 OK"
2025-12-14 21:28:17,397 | INFO | HTTP Request: POST https://api.telegram.org/bot8324268104:AAF2qgTgqBNHZWdlE8P72UtZUKfQeBpPsXc/getUpdates "HTTP/1.1 200 OK"
2025-12-14 21:28:27,453 | INFO | HTTP Request: POST https://api.telegram.org/bot8324268104:AAF2qgTgqBNHZWdlE8P72UtZUKfQeBpPsXc/getUpdates "HTTP/1.1 200 OK"
2025-12-14 21:28:37,508 | INFO | HTTP Request: POST https://api.telegram.org/bot8324268104:AAF2qgTgqBNHZWdlE8P72UtZUKfQeBpPsXc/getUpdates "HTTP/1.1 200 OK"
2025-12-14 21:28:47,563 | INFO | HTTP Request: POST https://api.telegram.org/bot8324268104:AAF2qgTgqBNHZWdlE8P72UtZUKfQeBpPsXc/getUpdates "HTTP/1.1 200 OK"
2025-12-14 21:28:58,249 | INFO | HTTP Request: POST https://api.telegram.org/bot8324268104:AAF2qgTgqBNHZWdlE8P72UtZUKfQeBpPsXc/getUpdates "HTTP/1.1 200 OK"
2025-12-14 21:29:48,944 | INFO | HTTP Request: POST https://api.telegram.org/bot8324268104:AAF2qgTgqBNHZWdlE8P72UtZUKfQeBpPsXc/getUpdates "HTTP/1.1 200 OK"
2025-12-14 21:29:59,011 | INFO | HTTP Request: POST https://api.telegram.org/bot8324268104:AAF2qgTgqBNHZWdlE8P72UtZUKfQeBpPsXc/getUpdates "HTTP/1.1 200 OK"
2025-12-14 21:30:09,081 | INFO | HTTP Request: POST https://api.telegram.org/bot8324268104:AAF2qgTgqBNHZWdlE8P72UtZUKfQeBpPsXc/getUpdates "HTTP/1.1 200 OK"
2025-12-14 21:46:45,278 | ERROR | Error: httpx.ConnectError: 
2025-12-14 21:46:49,008 | ERROR | Error while calling `get_updates` one more time to mark all fetched updates as read: %s. Suppressing error to ensure graceful shutdown. When polling for updates is restarted, updates may be fetched again. Please adjust timeouts via `ApplicationBuilder` or the parameter `get_updates_request` of `Bot`.
Traceback (most recent call last):
  File "/Users/shipov/Code_my/Copy_Trading_Bot/venv/lib/python3.13/site-packages/httpx/_transports/default.py", line 101, in map_httpcore_exceptions
    yield
  File "/Users/shipov/Code_my/Copy_Trading_Bot/venv/lib/python3.13/site-packages/httpx/_transports/default.py", line 394, in handle_async_request
    resp = await self._pool.handle_async_request(req)
           ^^^^^^^^^^^^^^^^^^^^^^^^^^^^^^^^^^^^^^^^^^
  File "/Users/shipov/Code_my/Copy_Trading_Bot/venv/lib/python3.13/site-packages/httpcore/_async/connection_pool.py", line 256, in handle_async_request
    raise exc from None
  File "/Users/shipov/Code_my/Copy_Trading_Bot/venv/lib/python3.13/site-packages/httpcore/_async/connection_pool.py", line 236, in handle_async_request
    response = await connection.handle_async_request(
               ^^^^^^^^^^^^^^^^^^^^^^^^^^^^^^^^^^^^^^
        pool_request.request
        ^^^^^^^^^^^^^^^^^^^^
    )
    ^
  File "/Users/shipov/Code_my/Copy_Trading_Bot/venv/lib/python3.13/site-packages/httpcore/_async/connection.py", line 101, in handle_async_request
    raise exc
  File "/Users/shipov/Code_my/Copy_Trading_Bot/venv/lib/python3.13/site-packages/httpcore/_async/connection.py", line 78, in handle_async_request
    stream = await self._connect(request)
             ^^^^^^^^^^^^^^^^^^^^^^^^^^^^
  File "/Users/shipov/Code_my/Copy_Trading_Bot/venv/lib/python3.13/site-packages/httpcore/_async/connection.py", line 156, in _connect
    stream = await stream.start_tls(**kwargs)
             ^^^^^^^^^^^^^^^^^^^^^^^^^^^^^^^^
  File "/Users/shipov/Code_my/Copy_Trading_Bot/venv/lib/python3.13/site-packages/httpcore/_backends/anyio.py", line 67, in start_tls
    with map_exceptions(exc_map):
         ~~~~~~~~~~~~~~^^^^^^^^^
  File "/Library/Frameworks/Python.framework/Versions/3.13/lib/python3.13/contextlib.py", line 162, in __exit__
    self.gen.throw(value)
    ~~~~~~~~~~~~~~^^^^^^^
  File "/Users/shipov/Code_my/Copy_Trading_Bot/venv/lib/python3.13/site-packages/httpcore/_exceptions.py", line 14, in map_exceptions
    raise to_exc(exc) from exc
httpcore.ConnectError

The above exception was the direct cause of the following exception:

Traceback (most recent call last):
  File "/Users/shipov/Code_my/Copy_Trading_Bot/venv/lib/python3.13/site-packages/telegram/request/_httpxrequest.py", line 279, in do_request
    res = await self._client.request(
          ^^^^^^^^^^^^^^^^^^^^^^^^^^^
    ...<6 lines>...
    )
    ^
  File "/Users/shipov/Code_my/Copy_Trading_Bot/venv/lib/python3.13/site-packages/httpx/_client.py", line 1540, in request
    return await self.send(request, auth=auth, follow_redirects=follow_redirects)
           ^^^^^^^^^^^^^^^^^^^^^^^^^^^^^^^^^^^^^^^^^^^^^^^^^^^^^^^^^^^^^^^^^^^^^^
  File "/Users/shipov/Code_my/Copy_Trading_Bot/venv/lib/python3.13/site-packages/httpx/_client.py", line 1629, in send
    response = await self._send_handling_auth(
               ^^^^^^^^^^^^^^^^^^^^^^^^^^^^^^^
    ...<4 lines>...
    )
    ^
  File "/Users/shipov/Code_my/Copy_Trading_Bot/venv/lib/python3.13/site-packages/httpx/_client.py", line 1657, in _send_handling_auth
    response = await self._send_handling_redirects(
               ^^^^^^^^^^^^^^^^^^^^^^^^^^^^^^^^^^^^
    ...<3 lines>...
    )
    ^
  File "/Users/shipov/Code_my/Copy_Trading_Bot/venv/lib/python3.13/site-packages/httpx/_client.py", line 1694, in _send_handling_redirects
    response = await self._send_single_request(request)
               ^^^^^^^^^^^^^^^^^^^^^^^^^^^^^^^^^^^^^^^^
  File "/Users/shipov/Code_my/Copy_Trading_Bot/venv/lib/python3.13/site-packages/httpx/_client.py", line 1730, in _send_single_request
    response = await transport.handle_async_request(request)
               ^^^^^^^^^^^^^^^^^^^^^^^^^^^^^^^^^^^^^^^^^^^^^
  File "/Users/shipov/Code_my/Copy_Trading_Bot/venv/lib/python3.13/site-packages/httpx/_transports/default.py", line 393, in handle_async_request
    with map_httpcore_exceptions():
         ~~~~~~~~~~~~~~~~~~~~~~~^^
  File "/Library/Frameworks/Python.framework/Versions/3.13/lib/python3.13/contextlib.py", line 162, in __exit__
    self.gen.throw(value)
    ~~~~~~~~~~~~~~^^^^^^^
  File "/Users/shipov/Code_my/Copy_Trading_Bot/venv/lib/python3.13/site-packages/httpx/_transports/default.py", line 118, in map_httpcore_exceptions
    raise mapped_exc(message) from exc
httpx.ConnectError

The above exception was the direct cause of the following exception:

Traceback (most recent call last):
  File "/Users/shipov/Code_my/Copy_Trading_Bot/venv/lib/python3.13/site-packages/telegram/ext/_updater.py", line 400, in _get_updates_cleanup
    await self.bot.get_updates(
    ...<4 lines>...
    )
  File "/Users/shipov/Code_my/Copy_Trading_Bot/venv/lib/python3.13/site-packages/telegram/ext/_extbot.py", line 676, in get_updates
    updates = await super().get_updates(
              ^^^^^^^^^^^^^^^^^^^^^^^^^^
    ...<9 lines>...
    )
    ^
  File "/Users/shipov/Code_my/Copy_Trading_Bot/venv/lib/python3.13/site-packages/telegram/_bot.py", line 4780, in get_updates
    await self._post(
    ^^^^^^^^^^^^^^^^^
    ...<7 lines>...
    ),
    ^
  File "/Users/shipov/Code_my/Copy_Trading_Bot/venv/lib/python3.13/site-packages/telegram/_bot.py", line 703, in _post
    return await self._do_post(
           ^^^^^^^^^^^^^^^^^^^^
    ...<6 lines>...
    )
    ^
  File "/Users/shipov/Code_my/Copy_Trading_Bot/venv/lib/python3.13/site-packages/telegram/ext/_extbot.py", line 372, in _do_post
    return await super()._do_post(
           ^^^^^^^^^^^^^^^^^^^^^^^
    ...<6 lines>...
    )
    ^
  File "/Users/shipov/Code_my/Copy_Trading_Bot/venv/lib/python3.13/site-packages/telegram/_bot.py", line 732, in _do_post
    result = await request.post(
             ^^^^^^^^^^^^^^^^^^^
    ...<6 lines>...
    )
    ^
  File "/Users/shipov/Code_my/Copy_Trading_Bot/venv/lib/python3.13/site-packages/telegram/request/_baserequest.py", line 198, in post
    result = await self._request_wrapper(
             ^^^^^^^^^^^^^^^^^^^^^^^^^^^^
    ...<7 lines>...
    )
    ^
  File "/Users/shipov/Code_my/Copy_Trading_Bot/venv/lib/python3.13/site-packages/telegram/request/_baserequest.py", line 305, in _request_wrapper
    code, payload = await self.do_request(
                    ^^^^^^^^^^^^^^^^^^^^^^
    ...<7 lines>...
    )
    ^
  File "/Users/shipov/Code_my/Copy_Trading_Bot/venv/lib/python3.13/site-packages/telegram/request/_httpxrequest.py", line 303, in do_request
    raise NetworkError(f"httpx.{err.__class__.__name__}: {err}") from err
telegram.error.NetworkError: httpx.ConnectError: 
2025-12-14 21:46:49,031 | INFO | Application is stopping. This might take a moment.
2025-12-14 21:46:49,031 | INFO | Application.stop() complete
2025-12-14 21:47:38,318 | INFO | ======================================================================
2025-12-14 21:47:38,321 | INFO | 🚀 COPY TRADING BOT PRO - FINAL RELEASE
2025-12-14 21:47:38,321 | INFO | ✨ Анализ + Перplexity + Баланс + Сигналы
2025-12-14 21:47:38,322 | INFO | ======================================================================
2025-12-14 21:47:38,602 | INFO | ✅ Бот запущен!
2025-12-14 21:47:38,602 | INFO | 📱 /start в Telegram для начала
2025-12-14 21:47:38,602 | INFO | 💾 Данные сохраняются в user_configs.json
2025-12-14 21:47:38,811 | INFO | HTTP Request: POST https://api.telegram.org/bot8324268104:AAF2qgTgqBNHZWdlE8P72UtZUKfQeBpPsXc/getMe "HTTP/1.1 200 OK"
2025-12-14 21:47:38,877 | INFO | HTTP Request: POST https://api.telegram.org/bot8324268104:AAF2qgTgqBNHZWdlE8P72UtZUKfQeBpPsXc/deleteWebhook "HTTP/1.1 200 OK"
2025-12-14 21:47:38,881 | INFO | Application started
2025-12-14 21:47:39,042 | INFO | HTTP Request: POST https://api.telegram.org/bot8324268104:AAF2qgTgqBNHZWdlE8P72UtZUKfQeBpPsXc/getUpdates "HTTP/1.1 200 OK"
2025-12-14 21:47:39,110 | INFO | HTTP Request: POST https://api.telegram.org/bot8324268104:AAF2qgTgqBNHZWdlE8P72UtZUKfQeBpPsXc/answerCallbackQuery "HTTP/1.1 400 Bad Request"
2025-12-14 21:47:39,112 | ERROR | Error: Query is too old and response timeout expired or query id is invalid
2025-12-14 21:47:39,194 | INFO | HTTP Request: POST https://api.telegram.org/bot8324268104:AAF2qgTgqBNHZWdlE8P72UtZUKfQeBpPsXc/sendMessage "HTTP/1.1 200 OK"
2025-12-14 21:47:49,095 | INFO | HTTP Request: POST https://api.telegram.org/bot8324268104:AAF2qgTgqBNHZWdlE8P72UtZUKfQeBpPsXc/getUpdates "HTTP/1.1 200 OK"
2025-12-14 21:47:59,153 | INFO | HTTP Request: POST https://api.telegram.org/bot8324268104:AAF2qgTgqBNHZWdlE8P72UtZUKfQeBpPsXc/getUpdates "HTTP/1.1 200 OK"
2025-12-14 21:48:09,203 | INFO | HTTP Request: POST https://api.telegram.org/bot8324268104:AAF2qgTgqBNHZWdlE8P72UtZUKfQeBpPsXc/getUpdates "HTTP/1.1 200 OK"
2025-12-14 21:48:14,329 | INFO | HTTP Request: POST https://api.telegram.org/bot8324268104:AAF2qgTgqBNHZWdlE8P72UtZUKfQeBpPsXc/getUpdates "HTTP/1.1 200 OK"
2025-12-14 21:48:14,499 | INFO | HTTP Request: POST https://api.telegram.org/bot8324268104:AAF2qgTgqBNHZWdlE8P72UtZUKfQeBpPsXc/answerCallbackQuery "HTTP/1.1 200 OK"
2025-12-14 21:48:14,583 | INFO | HTTP Request: POST https://api.telegram.org/bot8324268104:AAF2qgTgqBNHZWdlE8P72UtZUKfQeBpPsXc/editMessageText "HTTP/1.1 200 OK"
2025-12-14 21:48:15,534 | INFO | HTTP Request: POST https://api.telegram.org/bot8324268104:AAF2qgTgqBNHZWdlE8P72UtZUKfQeBpPsXc/getUpdates "HTTP/1.1 200 OK"
2025-12-14 21:48:15,606 | INFO | HTTP Request: POST https://api.telegram.org/bot8324268104:AAF2qgTgqBNHZWdlE8P72UtZUKfQeBpPsXc/answerCallbackQuery "HTTP/1.1 200 OK"
2025-12-14 21:48:15,671 | INFO | HTTP Request: POST https://api.telegram.org/bot8324268104:AAF2qgTgqBNHZWdlE8P72UtZUKfQeBpPsXc/answerCallbackQuery "HTTP/1.1 200 OK"
2025-12-14 21:48:15,752 | INFO | HTTP Request: POST https://api.telegram.org/bot8324268104:AAF2qgTgqBNHZWdlE8P72UtZUKfQeBpPsXc/editMessageText "HTTP/1.1 200 OK"
2025-12-14 21:48:16,221 | INFO | HTTP Request: POST https://api.telegram.org/bot8324268104:AAF2qgTgqBNHZWdlE8P72UtZUKfQeBpPsXc/getUpdates "HTTP/1.1 200 OK"
2025-12-14 21:48:16,360 | INFO | HTTP Request: POST https://api.telegram.org/bot8324268104:AAF2qgTgqBNHZWdlE8P72UtZUKfQeBpPsXc/answerCallbackQuery "HTTP/1.1 200 OK"
2025-12-14 21:48:16,521 | INFO | HTTP Request: POST https://api.telegram.org/bot8324268104:AAF2qgTgqBNHZWdlE8P72UtZUKfQeBpPsXc/answerCallbackQuery "HTTP/1.1 200 OK"
2025-12-14 21:48:16,705 | INFO | HTTP Request: POST https://api.telegram.org/bot8324268104:AAF2qgTgqBNHZWdlE8P72UtZUKfQeBpPsXc/editMessageText "HTTP/1.1 200 OK"
2025-12-14 21:48:17,173 | INFO | HTTP Request: POST https://api.telegram.org/bot8324268104:AAF2qgTgqBNHZWdlE8P72UtZUKfQeBpPsXc/getUpdates "HTTP/1.1 200 OK"
2025-12-14 21:48:17,278 | INFO | HTTP Request: POST https://api.telegram.org/bot8324268104:AAF2qgTgqBNHZWdlE8P72UtZUKfQeBpPsXc/answerCallbackQuery "HTTP/1.1 200 OK"
2025-12-14 21:48:17,422 | INFO | HTTP Request: POST https://api.telegram.org/bot8324268104:AAF2qgTgqBNHZWdlE8P72UtZUKfQeBpPsXc/editMessageText "HTTP/1.1 200 OK"
2025-12-14 21:48:20,200 | INFO | HTTP Request: POST https://api.perplexity.ai/chat/completions "HTTP/1.1 400 Bad Request"
2025-12-14 21:48:20,201 | ERROR | Perplexity error: 400
2025-12-14 21:48:20,290 | INFO | HTTP Request: POST https://api.telegram.org/bot8324268104:AAF2qgTgqBNHZWdlE8P72UtZUKfQeBpPsXc/editMessageText "HTTP/1.1 200 OK"
2025-12-14 21:48:27,228 | INFO | HTTP Request: POST https://api.telegram.org/bot8324268104:AAF2qgTgqBNHZWdlE8P72UtZUKfQeBpPsXc/getUpdates "HTTP/1.1 200 OK"
2025-12-14 21:48:28,391 | INFO | HTTP Request: POST https://api.telegram.org/bot8324268104:AAF2qgTgqBNHZWdlE8P72UtZUKfQeBpPsXc/getUpdates "HTTP/1.1 200 OK"
2025-12-14 21:48:28,558 | INFO | HTTP Request: POST https://api.telegram.org/bot8324268104:AAF2qgTgqBNHZWdlE8P72UtZUKfQeBpPsXc/answerCallbackQuery "HTTP/1.1 200 OK"
2025-12-14 21:48:28,616 | INFO | HTTP Request: POST https://api.telegram.org/bot8324268104:AAF2qgTgqBNHZWdlE8P72UtZUKfQeBpPsXc/answerCallbackQuery "HTTP/1.1 200 OK"
2025-12-14 21:48:28,687 | INFO | HTTP Request: POST https://api.telegram.org/bot8324268104:AAF2qgTgqBNHZWdlE8P72UtZUKfQeBpPsXc/editMessageText "HTTP/1.1 200 OK"
2025-12-14 21:48:30,314 | INFO | HTTP Request: POST https://api.telegram.org/bot8324268104:AAF2qgTgqBNHZWdlE8P72UtZUKfQeBpPsXc/getUpdates "HTTP/1.1 200 OK"
2025-12-14 21:48:30,622 | INFO | HTTP Request: POST https://api.telegram.org/bot8324268104:AAF2qgTgqBNHZWdlE8P72UtZUKfQeBpPsXc/answerCallbackQuery "HTTP/1.1 200 OK"
2025-12-14 21:48:30,822 | INFO | HTTP Request: POST https://api.telegram.org/bot8324268104:AAF2qgTgqBNHZWdlE8P72UtZUKfQeBpPsXc/editMessageText "HTTP/1.1 200 OK"
2025-12-14 21:48:32,905 | ERROR | ❌ Balance error: okx {"msg":"APIKey does not match current environment.","code":"50101"}
2025-12-14 21:48:32,986 | INFO | HTTP Request: POST https://api.telegram.org/bot8324268104:AAF2qgTgqBNHZWdlE8P72UtZUKfQeBpPsXc/editMessageText "HTTP/1.1 200 OK"
2025-12-14 21:48:34,215 | INFO | HTTP Request: POST https://api.telegram.org/bot8324268104:AAF2qgTgqBNHZWdlE8P72UtZUKfQeBpPsXc/getUpdates "HTTP/1.1 200 OK"
2025-12-14 21:48:34,278 | INFO | HTTP Request: POST https://api.telegram.org/bot8324268104:AAF2qgTgqBNHZWdlE8P72UtZUKfQeBpPsXc/answerCallbackQuery "HTTP/1.1 200 OK"
2025-12-14 21:48:34,336 | INFO | HTTP Request: POST https://api.telegram.org/bot8324268104:AAF2qgTgqBNHZWdlE8P72UtZUKfQeBpPsXc/answerCallbackQuery "HTTP/1.1 200 OK"
2025-12-14 21:48:34,423 | INFO | HTTP Request: POST https://api.telegram.org/bot8324268104:AAF2qgTgqBNHZWdlE8P72UtZUKfQeBpPsXc/editMessageText "HTTP/1.1 200 OK"
2025-12-14 21:48:37,758 | INFO | HTTP Request: POST https://api.telegram.org/bot8324268104:AAF2qgTgqBNHZWdlE8P72UtZUKfQeBpPsXc/getUpdates "HTTP/1.1 200 OK"
2025-12-14 21:48:37,821 | INFO | HTTP Request: POST https://api.telegram.org/bot8324268104:AAF2qgTgqBNHZWdlE8P72UtZUKfQeBpPsXc/answerCallbackQuery "HTTP/1.1 200 OK"
2025-12-14 21:48:37,897 | INFO | HTTP Request: POST https://api.telegram.org/bot8324268104:AAF2qgTgqBNHZWdlE8P72UtZUKfQeBpPsXc/editMessageText "HTTP/1.1 200 OK"
2025-12-14 21:48:38,789 | INFO | HTTP Request: POST https://api.telegram.org/bot8324268104:AAF2qgTgqBNHZWdlE8P72UtZUKfQeBpPsXc/getUpdates "HTTP/1.1 200 OK"
2025-12-14 21:48:38,853 | INFO | HTTP Request: POST https://api.telegram.org/bot8324268104:AAF2qgTgqBNHZWdlE8P72UtZUKfQeBpPsXc/answerCallbackQuery "HTTP/1.1 200 OK"
2025-12-14 21:48:38,919 | INFO | HTTP Request: POST https://api.telegram.org/bot8324268104:AAF2qgTgqBNHZWdlE8P72UtZUKfQeBpPsXc/answerCallbackQuery "HTTP/1.1 200 OK"
2025-12-14 21:48:39,010 | INFO | HTTP Request: POST https://api.telegram.org/bot8324268104:AAF2qgTgqBNHZWdlE8P72UtZUKfQeBpPsXc/editMessageText "HTTP/1.1 200 OK"
2025-12-14 21:48:40,136 | INFO | HTTP Request: POST https://api.telegram.org/bot8324268104:AAF2qgTgqBNHZWdlE8P72UtZUKfQeBpPsXc/getUpdates "HTTP/1.1 200 OK"
2025-12-14 21:48:40,207 | INFO | HTTP Request: POST https://api.telegram.org/bot8324268104:AAF2qgTgqBNHZWdlE8P72UtZUKfQeBpPsXc/answerCallbackQuery "HTTP/1.1 200 OK"
2025-12-14 21:48:40,289 | INFO | HTTP Request: POST https://api.telegram.org/bot8324268104:AAF2qgTgqBNHZWdlE8P72UtZUKfQeBpPsXc/editMessageText "HTTP/1.1 200 OK"
2025-12-14 21:48:43,114 | INFO | HTTP Request: POST https://api.telegram.org/bot8324268104:AAF2qgTgqBNHZWdlE8P72UtZUKfQeBpPsXc/getUpdates "HTTP/1.1 200 OK"
2025-12-14 21:48:43,174 | INFO | HTTP Request: POST https://api.telegram.org/bot8324268104:AAF2qgTgqBNHZWdlE8P72UtZUKfQeBpPsXc/answerCallbackQuery "HTTP/1.1 200 OK"
2025-12-14 21:48:43,235 | INFO | HTTP Request: POST https://api.telegram.org/bot8324268104:AAF2qgTgqBNHZWdlE8P72UtZUKfQeBpPsXc/answerCallbackQuery "HTTP/1.1 200 OK"
2025-12-14 21:48:43,308 | INFO | HTTP Request: POST https://api.telegram.org/bot8324268104:AAF2qgTgqBNHZWdlE8P72UtZUKfQeBpPsXc/editMessageText "HTTP/1.1 200 OK"
2025-12-14 21:48:44,416 | INFO | HTTP Request: POST https://api.telegram.org/bot8324268104:AAF2qgTgqBNHZWdlE8P72UtZUKfQeBpPsXc/getUpdates "HTTP/1.1 200 OK"
2025-12-14 21:48:44,479 | INFO | HTTP Request: POST https://api.telegram.org/bot8324268104:AAF2qgTgqBNHZWdlE8P72UtZUKfQeBpPsXc/answerCallbackQuery "HTTP/1.1 200 OK"
2025-12-14 21:48:44,558 | INFO | HTTP Request: POST https://api.telegram.org/bot8324268104:AAF2qgTgqBNHZWdlE8P72UtZUKfQeBpPsXc/editMessageText "HTTP/1.1 200 OK"
2025-12-14 21:48:45,331 | INFO | HTTP Request: POST https://api.telegram.org/bot8324268104:AAF2qgTgqBNHZWdlE8P72UtZUKfQeBpPsXc/getUpdates "HTTP/1.1 200 OK"
2025-12-14 21:48:45,389 | INFO | HTTP Request: POST https://api.telegram.org/bot8324268104:AAF2qgTgqBNHZWdlE8P72UtZUKfQeBpPsXc/answerCallbackQuery "HTTP/1.1 200 OK"
2025-12-14 21:48:45,447 | INFO | HTTP Request: POST https://api.telegram.org/bot8324268104:AAF2qgTgqBNHZWdlE8P72UtZUKfQeBpPsXc/answerCallbackQuery "HTTP/1.1 200 OK"
2025-12-14 21:48:45,517 | INFO | HTTP Request: POST https://api.telegram.org/bot8324268104:AAF2qgTgqBNHZWdlE8P72UtZUKfQeBpPsXc/editMessageText "HTTP/1.1 200 OK"
2025-12-14 21:48:55,385 | INFO | HTTP Request: POST https://api.telegram.org/bot8324268104:AAF2qgTgqBNHZWdlE8P72UtZUKfQeBpPsXc/getUpdates "HTTP/1.1 200 OK"
2025-12-14 21:49:05,439 | INFO | HTTP Request: POST https://api.telegram.org/bot8324268104:AAF2qgTgqBNHZWdlE8P72UtZUKfQeBpPsXc/getUpdates "HTTP/1.1 200 OK"
2025-12-14 21:49:15,494 | INFO | HTTP Request: POST https://api.telegram.org/bot8324268104:AAF2qgTgqBNHZWdlE8P72UtZUKfQeBpPsXc/getUpdates "HTTP/1.1 200 OK"
2025-12-14 21:49:25,550 | INFO | HTTP Request: POST https://api.telegram.org/bot8324268104:AAF2qgTgqBNHZWdlE8P72UtZUKfQeBpPsXc/getUpdates "HTTP/1.1 200 OK"
2025-12-14 21:49:35,609 | INFO | HTTP Request: POST https://api.telegram.org/bot8324268104:AAF2qgTgqBNHZWdlE8P72UtZUKfQeBpPsXc/getUpdates "HTTP/1.1 200 OK"
2025-12-14 21:49:45,666 | INFO | HTTP Request: POST https://api.telegram.org/bot8324268104:AAF2qgTgqBNHZWdlE8P72UtZUKfQeBpPsXc/getUpdates "HTTP/1.1 200 OK"
2025-12-14 21:49:55,722 | INFO | HTTP Request: POST https://api.telegram.org/bot8324268104:AAF2qgTgqBNHZWdlE8P72UtZUKfQeBpPsXc/getUpdates "HTTP/1.1 200 OK"
2025-12-14 21:50:05,778 | INFO | HTTP Request: POST https://api.telegram.org/bot8324268104:AAF2qgTgqBNHZWdlE8P72UtZUKfQeBpPsXc/getUpdates "HTTP/1.1 200 OK"
2025-12-14 21:50:15,889 | INFO | HTTP Request: POST https://api.telegram.org/bot8324268104:AAF2qgTgqBNHZWdlE8P72UtZUKfQeBpPsXc/getUpdates "HTTP/1.1 200 OK"
2025-12-14 21:50:25,943 | INFO | HTTP Request: POST https://api.telegram.org/bot8324268104:AAF2qgTgqBNHZWdlE8P72UtZUKfQeBpPsXc/getUpdates "HTTP/1.1 200 OK"
2025-12-14 21:50:35,996 | INFO | HTTP Request: POST https://api.telegram.org/bot8324268104:AAF2qgTgqBNHZWdlE8P72UtZUKfQeBpPsXc/getUpdates "HTTP/1.1 200 OK"
2025-12-14 21:50:46,053 | INFO | HTTP Request: POST https://api.telegram.org/bot8324268104:AAF2qgTgqBNHZWdlE8P72UtZUKfQeBpPsXc/getUpdates "HTTP/1.1 200 OK"
2025-12-14 21:50:56,105 | INFO | HTTP Request: POST https://api.telegram.org/bot8324268104:AAF2qgTgqBNHZWdlE8P72UtZUKfQeBpPsXc/getUpdates "HTTP/1.1 200 OK"
2025-12-14 21:51:06,164 | INFO | HTTP Request: POST https://api.telegram.org/bot8324268104:AAF2qgTgqBNHZWdlE8P72UtZUKfQeBpPsXc/getUpdates "HTTP/1.1 200 OK"
2025-12-14 21:51:16,222 | INFO | HTTP Request: POST https://api.telegram.org/bot8324268104:AAF2qgTgqBNHZWdlE8P72UtZUKfQeBpPsXc/getUpdates "HTTP/1.1 200 OK"
2025-12-14 21:51:26,276 | INFO | HTTP Request: POST https://api.telegram.org/bot8324268104:AAF2qgTgqBNHZWdlE8P72UtZUKfQeBpPsXc/getUpdates "HTTP/1.1 200 OK"
2025-12-14 21:51:36,330 | INFO | HTTP Request: POST https://api.telegram.org/bot8324268104:AAF2qgTgqBNHZWdlE8P72UtZUKfQeBpPsXc/getUpdates "HTTP/1.1 200 OK"
2025-12-14 21:51:46,382 | INFO | HTTP Request: POST https://api.telegram.org/bot8324268104:AAF2qgTgqBNHZWdlE8P72UtZUKfQeBpPsXc/getUpdates "HTTP/1.1 200 OK"
2025-12-14 21:51:56,433 | INFO | HTTP Request: POST https://api.telegram.org/bot8324268104:AAF2qgTgqBNHZWdlE8P72UtZUKfQeBpPsXc/getUpdates "HTTP/1.1 200 OK"
2025-12-14 21:52:06,486 | INFO | HTTP Request: POST https://api.telegram.org/bot8324268104:AAF2qgTgqBNHZWdlE8P72UtZUKfQeBpPsXc/getUpdates "HTTP/1.1 200 OK"
2025-12-14 21:52:16,546 | INFO | HTTP Request: POST https://api.telegram.org/bot8324268104:AAF2qgTgqBNHZWdlE8P72UtZUKfQeBpPsXc/getUpdates "HTTP/1.1 200 OK"
2025-12-14 21:52:21,615 | INFO | HTTP Request: POST https://api.telegram.org/bot8324268104:AAF2qgTgqBNHZWdlE8P72UtZUKfQeBpPsXc/getUpdates "HTTP/1.1 200 OK"
2025-12-14 21:52:21,616 | INFO | Application is stopping. This might take a moment.
2025-12-14 21:52:21,616 | INFO | Application.stop() complete
